..\..\..\bin\win\CameraCaptureBundle_32d.pdb
D:\Work\CADET\Repository\cadet\trunk\_2RealFramework\bundles\experimental\bin\win\CameraCaptureBundle_32d.exp
D:\Work\CADET\Repository\cadet\trunk\_2RealFramework\bundles\experimental\bin\win\CameraCaptureBundle_32d.lib
D:\WORK\CADET\REPOSITORY\CADET\TRUNK\_2REALFRAMEWORK\BUNDLES\EXPERIMENTAL\CAMERACAPTUREBUNDLE\BUILD\VC10\DEBUG\CAMERACAPTUREBLOCK.OBJ
D:\WORK\CADET\REPOSITORY\CADET\TRUNK\_2REALFRAMEWORK\BUNDLES\EXPERIMENTAL\CAMERACAPTUREBUNDLE\BUILD\VC10\DEBUG\CAMERACAPTUREBUNDLE.OBJ
D:\Work\CADET\Repository\cadet\trunk\_2RealFramework\bundles\experimental\CameraCaptureBundle\build\vc10\Debug\CameraCaptureBundle.write.1.tlog
D:\WORK\CADET\REPOSITORY\CADET\TRUNK\_2REALFRAMEWORK\BUNDLES\EXPERIMENTAL\CAMERACAPTUREBUNDLE\BUILD\VC10\DEBUG\CAMERACAPTUREBUNDLE_32D.DLL.EMBED.MANIFEST
D:\WORK\CADET\REPOSITORY\CADET\TRUNK\_2REALFRAMEWORK\BUNDLES\EXPERIMENTAL\CAMERACAPTUREBUNDLE\BUILD\VC10\DEBUG\CAMERACAPTUREBUNDLE_32D.DLL.EMBED.MANIFEST.RES
D:\Work\CADET\Repository\cadet\trunk\_2RealFramework\bundles\experimental\CameraCaptureBundle\build\vc10\Debug\CameraCaptureBundle_32d.dll.intermediate.manifest
D:\Work\CADET\Repository\cadet\trunk\_2RealFramework\bundles\experimental\CameraCaptureBundle\build\vc10\Debug\CameraCaptureBundle_32d_manifest.rc
D:\WORK\CADET\REPOSITORY\CADET\TRUNK\_2REALFRAMEWORK\BUNDLES\EXPERIMENTAL\CAMERACAPTUREBUNDLE\BUILD\VC10\DEBUG\CAMERADEVICEMANAGER.OBJ
D:\Work\CADET\Repository\cadet\trunk\_2RealFramework\bundles\experimental\CameraCaptureBundle\build\vc10\Debug\cl.command.1.tlog
D:\Work\CADET\Repository\cadet\trunk\_2RealFramework\bundles\experimental\CameraCaptureBundle\build\vc10\Debug\CL.read.1.tlog
D:\Work\CADET\Repository\cadet\trunk\_2RealFramework\bundles\experimental\CameraCaptureBundle\build\vc10\Debug\CL.write.1.tlog
D:\Work\CADET\Repository\cadet\trunk\_2RealFramework\bundles\experimental\CameraCaptureBundle\build\vc10\Debug\link.1072.read.1.tlog
D:\Work\CADET\Repository\cadet\trunk\_2RealFramework\bundles\experimental\CameraCaptureBundle\build\vc10\Debug\link.1072.write.1.tlog
D:\Work\CADET\Repository\cadet\trunk\_2RealFramework\bundles\experimental\CameraCaptureBundle\build\vc10\Debug\link.1072-cvtres.read.1.tlog
D:\Work\CADET\Repository\cadet\trunk\_2RealFramework\bundles\experimental\CameraCaptureBundle\build\vc10\Debug\link.1072-cvtres.write.1.tlog
D:\Work\CADET\Repository\cadet\trunk\_2RealFramework\bundles\experimental\CameraCaptureBundle\build\vc10\Debug\link.4180.read.1.tlog
D:\Work\CADET\Repository\cadet\trunk\_2RealFramework\bundles\experimental\CameraCaptureBundle\build\vc10\Debug\link.4180.write.1.tlog
D:\Work\CADET\Repository\cadet\trunk\_2RealFramework\bundles\experimental\CameraCaptureBundle\build\vc10\Debug\link.5000.read.1.tlog
D:\Work\CADET\Repository\cadet\trunk\_2RealFramework\bundles\experimental\CameraCaptureBundle\build\vc10\Debug\link.5000.write.1.tlog
D:\Work\CADET\Repository\cadet\trunk\_2RealFramework\bundles\experimental\CameraCaptureBundle\build\vc10\Debug\link.5000-cvtres.read.1.tlog
D:\Work\CADET\Repository\cadet\trunk\_2RealFramework\bundles\experimental\CameraCaptureBundle\build\vc10\Debug\link.5000-cvtres.write.1.tlog
D:\Work\CADET\Repository\cadet\trunk\_2RealFramework\bundles\experimental\CameraCaptureBundle\build\vc10\Debug\link.command.1.tlog
D:\Work\CADET\Repository\cadet\trunk\_2RealFramework\bundles\experimental\CameraCaptureBundle\build\vc10\Debug\link.read.1.tlog
D:\Work\CADET\Repository\cadet\trunk\_2RealFramework\bundles\experimental\CameraCaptureBundle\build\vc10\Debug\link.write.1.tlog
D:\Work\CADET\Repository\cadet\trunk\_2RealFramework\bundles\experimental\CameraCaptureBundle\build\vc10\Debug\link-cvtres.read.1.tlog
D:\Work\CADET\Repository\cadet\trunk\_2RealFramework\bundles\experimental\CameraCaptureBundle\build\vc10\Debug\link-cvtres.write.1.tlog
D:\Work\CADET\Repository\cadet\trunk\_2RealFramework\bundles\experimental\CameraCaptureBundle\build\vc10\Debug\mt.command.1.tlog
D:\Work\CADET\Repository\cadet\trunk\_2RealFramework\bundles\experimental\CameraCaptureBundle\build\vc10\Debug\mt.read.1.tlog
D:\Work\CADET\Repository\cadet\trunk\_2RealFramework\bundles\experimental\CameraCaptureBundle\build\vc10\Debug\mt.write.1.tlog
D:\Work\CADET\Repository\cadet\trunk\_2RealFramework\bundles\experimental\CameraCaptureBundle\build\vc10\Debug\rc.command.1.tlog
D:\Work\CADET\Repository\cadet\trunk\_2RealFramework\bundles\experimental\CameraCaptureBundle\build\vc10\Debug\rc.read.1.tlog
D:\Work\CADET\Repository\cadet\trunk\_2RealFramework\bundles\experimental\CameraCaptureBundle\build\vc10\Debug\rc.write.1.tlog
D:\Work\CADET\Repository\cadet\trunk\_2RealFramework\bundles\experimental\CameraCaptureBundle\build\vc10\Debug\vc100.idb
D:\WORK\CADET\REPOSITORY\CADET\TRUNK\_2REALFRAMEWORK\BUNDLES\EXPERIMENTAL\CAMERACAPTUREBUNDLE\BUILD\VC10\DEBUG\VC100.PDB
