..\..\..\bin\win\VideoInputBundle_32d.ilk
..\..\..\bin\win\VideoInputBundle_32d.pdb
D:\WORK\CADET\REPOSITORY\CADET\TRUNK\_2REALFRAMEWORK\BUNDLES\EXPERIMENTAL\BIN\WIN\VIDEOINPUTBUNDLE_32D.DLL
D:\Work\CADET\Repository\cadet\trunk\_2RealFramework\bundles\experimental\bin\win\VideoInputBundle_32d.exp
D:\WORK\CADET\REPOSITORY\CADET\TRUNK\_2REALFRAMEWORK\BUNDLES\EXPERIMENTAL\BIN\WIN\VIDEOINPUTBUNDLE_32D.ILK
D:\Work\CADET\Repository\cadet\trunk\_2RealFramework\bundles\experimental\bin\win\VideoInputBundle_32d.lib
D:\WORK\CADET\REPOSITORY\CADET\TRUNK\_2REALFRAMEWORK\BUNDLES\EXPERIMENTAL\BIN\WIN\VIDEOINPUTBUNDLE_32D.PDB
D:\Work\CADET\Repository\cadet\trunk\_2RealFramework\bundles\experimental\VideoInputBundle\build\vc10\..\..\..\bin\win\VideoInputBundle_32d.dll
D:\WORK\CADET\REPOSITORY\CADET\TRUNK\_2REALFRAMEWORK\BUNDLES\EXPERIMENTAL\VIDEOINPUTBUNDLE\BUILD\VC10\DEBUG\CAMERADEVICEMANAGER.OBJ
D:\Work\CADET\Repository\cadet\trunk\_2RealFramework\bundles\experimental\VideoInputBundle\build\vc10\Debug\cl.command.1.tlog
D:\Work\CADET\Repository\cadet\trunk\_2RealFramework\bundles\experimental\VideoInputBundle\build\vc10\Debug\CL.read.1.tlog
D:\Work\CADET\Repository\cadet\trunk\_2RealFramework\bundles\experimental\VideoInputBundle\build\vc10\Debug\CL.write.1.tlog
D:\Work\CADET\Repository\cadet\trunk\_2RealFramework\bundles\experimental\VideoInputBundle\build\vc10\Debug\link.6688.read.1.tlog
D:\Work\CADET\Repository\cadet\trunk\_2RealFramework\bundles\experimental\VideoInputBundle\build\vc10\Debug\link.6688.write.1.tlog
D:\Work\CADET\Repository\cadet\trunk\_2RealFramework\bundles\experimental\VideoInputBundle\build\vc10\Debug\link.6688-cvtres.read.1.tlog
D:\Work\CADET\Repository\cadet\trunk\_2RealFramework\bundles\experimental\VideoInputBundle\build\vc10\Debug\link.6688-cvtres.write.1.tlog
D:\Work\CADET\Repository\cadet\trunk\_2RealFramework\bundles\experimental\VideoInputBundle\build\vc10\Debug\link.command.1.tlog
D:\Work\CADET\Repository\cadet\trunk\_2RealFramework\bundles\experimental\VideoInputBundle\build\vc10\Debug\link.read.1.tlog
D:\Work\CADET\Repository\cadet\trunk\_2RealFramework\bundles\experimental\VideoInputBundle\build\vc10\Debug\link.write.1.tlog
D:\Work\CADET\Repository\cadet\trunk\_2RealFramework\bundles\experimental\VideoInputBundle\build\vc10\Debug\link-cvtres.read.1.tlog
D:\Work\CADET\Repository\cadet\trunk\_2RealFramework\bundles\experimental\VideoInputBundle\build\vc10\Debug\link-cvtres.write.1.tlog
D:\Work\CADET\Repository\cadet\trunk\_2RealFramework\bundles\experimental\VideoInputBundle\build\vc10\Debug\mt.command.1.tlog
D:\Work\CADET\Repository\cadet\trunk\_2RealFramework\bundles\experimental\VideoInputBundle\build\vc10\Debug\mt.read.1.tlog
D:\Work\CADET\Repository\cadet\trunk\_2RealFramework\bundles\experimental\VideoInputBundle\build\vc10\Debug\mt.write.1.tlog
D:\Work\CADET\Repository\cadet\trunk\_2RealFramework\bundles\experimental\VideoInputBundle\build\vc10\Debug\rc.command.1.tlog
D:\Work\CADET\Repository\cadet\trunk\_2RealFramework\bundles\experimental\VideoInputBundle\build\vc10\Debug\rc.read.1.tlog
D:\Work\CADET\Repository\cadet\trunk\_2RealFramework\bundles\experimental\VideoInputBundle\build\vc10\Debug\rc.write.1.tlog
D:\Work\CADET\Repository\cadet\trunk\_2RealFramework\bundles\experimental\VideoInputBundle\build\vc10\Debug\vc100.idb
D:\WORK\CADET\REPOSITORY\CADET\TRUNK\_2REALFRAMEWORK\BUNDLES\EXPERIMENTAL\VIDEOINPUTBUNDLE\BUILD\VC10\DEBUG\VC100.PDB
D:\WORK\CADET\REPOSITORY\CADET\TRUNK\_2REALFRAMEWORK\BUNDLES\EXPERIMENTAL\VIDEOINPUTBUNDLE\BUILD\VC10\DEBUG\VIDEOINPUTBLOCK.OBJ
D:\WORK\CADET\REPOSITORY\CADET\TRUNK\_2REALFRAMEWORK\BUNDLES\EXPERIMENTAL\VIDEOINPUTBUNDLE\BUILD\VC10\DEBUG\VIDEOINPUTBUNDLE.OBJ
D:\Work\CADET\Repository\cadet\trunk\_2RealFramework\bundles\experimental\VideoInputBundle\build\vc10\Debug\VideoInputBundle.write.1.tlog
D:\WORK\CADET\REPOSITORY\CADET\TRUNK\_2REALFRAMEWORK\BUNDLES\EXPERIMENTAL\VIDEOINPUTBUNDLE\BUILD\VC10\DEBUG\VIDEOINPUTBUNDLE_32D.DLL.EMBED.MANIFEST
D:\WORK\CADET\REPOSITORY\CADET\TRUNK\_2REALFRAMEWORK\BUNDLES\EXPERIMENTAL\VIDEOINPUTBUNDLE\BUILD\VC10\DEBUG\VIDEOINPUTBUNDLE_32D.DLL.EMBED.MANIFEST.RES
D:\WORK\CADET\REPOSITORY\CADET\TRUNK\_2REALFRAMEWORK\BUNDLES\EXPERIMENTAL\VIDEOINPUTBUNDLE\BUILD\VC10\DEBUG\VIDEOINPUTBUNDLE_32D.DLL.INTERMEDIATE.MANIFEST
D:\Work\CADET\Repository\cadet\trunk\_2RealFramework\bundles\experimental\VideoInputBundle\build\vc10\Debug\VideoInputBundle_32d_manifest.rc
